This is pdfTeX, Version 3.14159265-2.6-1.40.21 (MiKTeX 20.11) (preloaded format=pdflatex 2020.11.24)  3 DEC 2020 00:40
entering extended mode
**"/Users/benjaminperonne/Documents/Developer/Université_Developer/L2_S1/Modélisation Données & Normalisation_T/BDD_Projet-L2_S1/rapport/rapport.tex"
("/Users/benjaminperonne/Documents/Developer/Université_Developer/L2_S1/Modélisation Données & Normalisation_T/BDD_Projet-L2_S1/rapport/rapport.tex"
LaTeX2e <2020-10-01> patch level 2
L3 programming layer <2020-10-27> xparse <2020-03-03> ("/Users/benjaminperonne/Library/Application Support/MiKTeX/texmfs/install/tex/latex/base/report.cls"
Document Class: report 2020/04/10 v1.4m Standard LaTeX document class
("/Users/benjaminperonne/Library/Application Support/MiKTeX/texmfs/install/tex/latex/base/size11.clo"
File: size11.clo 2020/04/10 v1.4m Standard LaTeX file (size option)
)
\c@part=\count175
\c@chapter=\count176
\c@section=\count177
\c@subsection=\count178
\c@subsubsection=\count179
\c@paragraph=\count180
\c@subparagraph=\count181
\c@figure=\count182
\c@table=\count183
\abovecaptionskip=\skip47
\belowcaptionskip=\skip48
\bibindent=\dimen138
) ("/Users/benjaminperonne/Library/Application Support/MiKTeX/texmfs/install/tex/generic/babel/babel.sty"
Package: babel 2020/10/27 3.51 The Babel package
 ("/Users/benjaminperonne/Library/Application Support/MiKTeX/texmfs/install/tex/generic/babel/babel.def"
File: babel.def 2020/10/27 3.51 Babel common definitions
\babel@savecnt=\count184
\U@D=\dimen139
\l@babelnohyphens=\language2
 ("/Users/benjaminperonne/Library/Application Support/MiKTeX/texmfs/install/tex/generic/babel/txtbabel.def")
\bbl@readstream=\read2
)
\bbl@dirlevel=\count185

*************************************
* Local config file bblopts.cfg used
*
("/Users/benjaminperonne/Library/Application Support/MiKTeX/texmfs/install/tex/latex/arabi/bblopts.cfg"
File: bblopts.cfg 2005/09/08 v0.1 add Arabic and Farsi to "declared" options of babel
) ("/Users/benjaminperonne/Library/Application Support/MiKTeX/texmfs/install/tex/generic/babel-french/french.ldf"
Language: french 2020/10/10 v3.5l French support from the babel system


Package babel Warning: No hyphenation patterns were preloaded for
(babel)                the language `French' into the format.
(babel)                Please, configure your TeX system to add them and
(babel)                rebuild the format. Now I will use the patterns
(babel)                preloaded for \language=nohyphenation instead on input line 87.

\FB@nonchar=\count186
Package babel Info: Making : an active character on input line 430.
Package babel Info: Making ; an active character on input line 431.
Package babel Info: Making ! an active character on input line 432.
Package babel Info: Making ? an active character on input line 433.
\FBguill@level=\count187
\FBold@everypar=\toks15
\FB@Mht=\dimen140
\mc@charclass=\count188
\mc@charfam=\count189
\mc@charslot=\count190
\std@mcc=\count191
\dec@mcc=\count192
\listindentFB=\dimen141
\descindentFB=\dimen142
\labelindentFB=\dimen143
\labelwidthFB=\dimen144
\leftmarginFB=\dimen145
\parindentFFN=\dimen146
\FBfnindent=\dimen147
) ("/Users/benjaminperonne/Library/Application Support/MiKTeX/texmfs/install/tex/generic/babel-french/frenchb.ldf"
Language: frenchb 2020/10/10 v3.5l French support from the babel system


Package babel-french Warning: Option `frenchb' for Babel is *deprecated*,
(babel-french)                it might be removed sooner or later. Please
(babel-french)                use `french' instead; reported on input line 35.

("/Users/benjaminperonne/Library/Application Support/MiKTeX/texmfs/install/tex/generic/babel-french/french.ldf"
Language: french 2020/10/10 v3.5l French support from the babel system
))) ("/Users/benjaminperonne/Library/Application Support/MiKTeX/texmfs/install/tex/latex/carlisle/scalefnt.sty") ("/Users/benjaminperonne/Library/Application Support/MiKTeX/texmfs/install/tex/latex/graphics/keyval.sty"
Package: keyval 2014/10/28 v1.15 key=value parser (DPC)
\KV@toks@=\toks16
) ("/Users/benjaminperonne/Library/Application Support/MiKTeX/texmfs/install/tex/latex/base/fontenc.sty"
Package: fontenc 2020/08/10 v2.0s Standard LaTeX package
) ("/Users/benjaminperonne/Library/Application Support/MiKTeX/texmfs/install/tex/latex/base/inputenc.sty"
Package: inputenc 2020/08/01 v1.3d Input encoding file
\inpenc@prehook=\toks17
\inpenc@posthook=\toks18
) ("/Users/benjaminperonne/Library/Application Support/MiKTeX/texmfs/install/tex/latex/psnfss/times.sty"
Package: times 2020/03/25 PSNFSS-v9.3 (SPQR) 
) ("/Users/benjaminperonne/Library/Application Support/MiKTeX/texmfs/install/tex/latex/minitoc/minitoc.sty"
Package: minitoc 2018/07/12 v62 Package minitoc
 ("/Users/benjaminperonne/Library/Application Support/MiKTeX/texmfs/install/tex/latex/minitoc/mtcmess.sty"
Package: mtcmess 2006/03/14
)
Package minitoc Info: I0001
(minitoc)             *** minitoc package, version 62 ***.
\tf@mtc=\write3
\mtcindent=\skip49
\mtcskipamount=\skip50
Package minitoc Info: I0005
(minitoc)             compatible with hyperref.
Package minitoc Info: I0023
(minitoc)             part level macros available.
Package minitoc Info: I0003
(minitoc)             chapter level macros available.
\mtc@toks=\toks19
\mtc@strutbox=\box47
\mtc@hstrutbox=\box48
Package minitoc Info: I0002
(minitoc)             Autoconfiguration of extensions.
\openout3 = `rapport.mtc0'.

\openout3 = `rapport.mtc'.

 ("/Users/benjaminperonne/Documents/Developer/Université_Developer/L2_S1/Modélisation Données & Normalisation_T/BDD_Projet-L2_S1/rapport/rapport.mtc0")
Package minitoc Info: I0012
(minitoc)             Long extensions (Unix-like) will be used.
Package minitoc Info: I0031
(minitoc)             ==> this version is configured for UNIX-like 
(minitoc)                 (long extensions) file names.
\openout3 = `rapport.mtc'.

\openout3 = `rapport.mtc0'.

\c@mtc=\count193
\c@minitocdepth=\count194
\c@ptc=\count195
\c@parttocdepth=\count196
\ptcindent=\skip51
Package minitoc Info: I0010
(minitoc)             The english language is selected.
(minitoc)              on input line 4910.
 ("/Users/benjaminperonne/Library/Application Support/MiKTeX/texmfs/install/tex/latex/minitoc/english.mld"
File: english.mld 2006/01/13
) ("/Users/benjaminperonne/Library/Application Support/MiKTeX/texmfs/install/tex/latex/minitoc/english.mld"
File: english.mld 2006/01/13
)
Package minitoc Info: I0010
(minitoc)             The french language is selected.
(minitoc)              on input line 4911.
 ("/Users/benjaminperonne/Library/Application Support/MiKTeX/texmfs/install/tex/latex/minitoc/french.mld"
File: french.mld 2006/03/21
)) ("/Users/benjaminperonne/Library/Application Support/MiKTeX/texmfs/install/tex/latex/geometry/geometry.sty"
Package: geometry 2020/01/02 v5.9 Page Geometry
 ("/Users/benjaminperonne/Library/Application Support/MiKTeX/texmfs/install/tex/generic/iftex/ifvtex.sty"
Package: ifvtex 2019/10/25 v1.7 ifvtex legacy package. Use iftex instead.
 ("/Users/benjaminperonne/Library/Application Support/MiKTeX/texmfs/install/tex/generic/iftex/iftex.sty"
Package: iftex 2020/03/06 v1.0d TeX engine tests
))
\Gm@cnth=\count197
\Gm@cntv=\count198
\c@Gm@tempcnt=\count199
\Gm@bindingoffset=\dimen148
\Gm@wd@mp=\dimen149
\Gm@odd@mp=\dimen150
\Gm@even@mp=\dimen151
\Gm@layoutwidth=\dimen152
\Gm@layoutheight=\dimen153
\Gm@layouthoffset=\dimen154
\Gm@layoutvoffset=\dimen155
\Gm@dimlist=\toks20
 ("/Users/benjaminperonne/Library/Application Support/MiKTeX/texmfs/install/tex/latex/geometry/geometry.cfg"))
LaTeX Font Info:    Trying to load font information for T1+ptm on input line 22.
 ("/Users/benjaminperonne/Library/Application Support/MiKTeX/texmfs/install/tex/latex/psnfss/t1ptm.fd"
File: t1ptm.fd 2001/06/04 font definitions for T1/ptm.
) ("/Users/benjaminperonne/Library/Application Support/MiKTeX/texmfs/install/tex/latex/l3backend/l3backend-pdftex.def"
File: l3backend-pdftex.def 2020-09-24 L3 backend support: PDF output (pdfTeX)
\l__kernel_color_stack_int=\count266
\l__pdf_internal_box=\box49
) ("/Users/benjaminperonne/Documents/Developer/Université_Developer/L2_S1/Modélisation Données & Normalisation_T/BDD_Projet-L2_S1/rapport/rapport.aux")
\openout1 = `rapport.aux'.

LaTeX Font Info:    Checking defaults for OML/cmm/m/it on input line 22.
LaTeX Font Info:    ... okay on input line 22.
LaTeX Font Info:    Checking defaults for OMS/cmsy/m/n on input line 22.
LaTeX Font Info:    ... okay on input line 22.
LaTeX Font Info:    Checking defaults for OT1/cmr/m/n on input line 22.
LaTeX Font Info:    ... okay on input line 22.
LaTeX Font Info:    Checking defaults for T1/cmr/m/n on input line 22.
LaTeX Font Info:    ... okay on input line 22.
LaTeX Font Info:    Checking defaults for TS1/cmr/m/n on input line 22.
LaTeX Font Info:    ... okay on input line 22.
LaTeX Font Info:    Checking defaults for OMX/cmex/m/n on input line 22.
LaTeX Font Info:    ... okay on input line 22.
LaTeX Font Info:    Checking defaults for U/cmr/m/n on input line 22.
LaTeX Font Info:    ... okay on input line 22.
LaTeX Info: Redefining \degres on input line 22.
LaTeX Info: Redefining \dots on input line 22.
LaTeX Info: Redefining \up on input line 22.
Package minitoc(hints) Info: I0049
(minitoc(hints))             ==> You requested the hints option. 
(minitoc(hints))             Some hints are eventually given below.

*geometry* driver: auto-detecting
*geometry* detected driver: pdftex
*geometry* verbose mode - [ preamble ] result:
* driver: pdftex
* paper: a4paper
* layout: <same size as paper>
* layoutoffset:(h,v)=(0.0pt,0.0pt)
* modes: 
* h-part:(L,W,R)=(71.13188pt, 455.24411pt, 71.13188pt)
* v-part:(T,H,B)=(42.67912pt, 759.6886pt, 42.67912pt)
* \paperwidth=597.50787pt
* \paperheight=845.04684pt
* \textwidth=455.24411pt
* \textheight=759.6886pt
* \oddsidemargin=-1.1381pt
* \evensidemargin=-1.1381pt
* \topmargin=-66.59087pt
* \headheight=12.0pt
* \headsep=25.0pt
* \topskip=11.0pt
* \footskip=30.0pt
* \marginparwidth=50.0pt
* \marginparsep=10.0pt
* \columnsep=10.0pt
* \skip\footins=10.0pt plus 4.0pt minus 2.0pt
* \hoffset=0.0pt
* \voffset=0.0pt
* \mag=1000
* \@twocolumnfalse
* \@twosidefalse
* \@mparswitchfalse
* \@reversemarginfalse
* (1in=72.27pt=25.4mm, 1cm=28.453pt)

LaTeX Font Info:    External font `cmex10' loaded for size
(Font)              <12> on input line 34.
LaTeX Font Info:    External font `cmex10' loaded for size
(Font)              <8> on input line 34.
LaTeX Font Info:    External font `cmex10' loaded for size
(Font)              <6> on input line 34.
[1

{/Users/benjaminperonne/Library/Application Support/MiKTeX/texmfs/data/pdftex/config/pdftex.map}]
Package minitoc Info: I0024
(minitoc)             PREPARING MINITOCS FROM rapport.toc on input line 40.
Package minitoc Info: I0033
(minitoc)             Writing rapport.mtc1.
\openout3 = `rapport.mtc1'.

 ("/Users/benjaminperonne/Documents/Developer/Université_Developer/L2_S1/Modélisation Données & Normalisation_T/BDD_Projet-L2_S1/rapport/rapport.toc"
LaTeX Font Info:    External font `cmex10' loaded for size
(Font)              <10.95> on input line 3.
)
\tf@toc=\write4
\openout4 = `rapport.toc'.

 [1

]
Chapitre 1.
\openout3 = `rapport.mtc'.

\openout3 = `rapport.mtc'.

LaTeX Font Info:    External font `cmex10' loaded for size
(Font)              <7> on input line 43.
LaTeX Font Info:    External font `cmex10' loaded for size
(Font)              <5> on input line 43.
("/Users/benjaminperonne/Documents/Developer/Université_Developer/L2_S1/Modélisation Données & Normalisation_T/BDD_Projet-L2_S1/rapport/rapport.mtc1")
Package minitoc Info: I0009
(minitoc)             Listing minitoc auxiliary files. 
(minitoc)             Creating the rapport.maf file.
\openout3 = `rapport.maf'.

Package minitoc(hints) Info: I0019
(minitoc(hints))             No hints have been written 
(minitoc(hints))             in the rapport.log file..
 [2

] ("/Users/benjaminperonne/Documents/Developer/Université_Developer/L2_S1/Modélisation Données & Normalisation_T/BDD_Projet-L2_S1/rapport/rapport.aux") ) 
Here is how much of TeX's memory you used:
 4551 strings out of 481714
 69182 string characters out of 2917803
 371708 words of memory out of 3000000
 21087 multiletter control sequences out of 15000+200000
 572147 words of font info for 65 fonts, out of 3000000 for 9000
 14 hyphenation exceptions out of 8191
 66i,9n,72p,350b,424s stack positions out of 5000i,500n,10000p,200000b,50000s
{/Users/benjaminperonne/Library/Application Support/MiKTeX/texmfs/install/fonts/enc/dvips/base/8r.enc}</Users/benjaminperonne/Library/Application Support/MiKTeX/texmfs/install/fonts/type1/urw/times/utmb8a.pfb></Users/benjaminperonne/Library/Application Support/MiKTeX/texmfs/install/fonts/type1/urw/times/utmr8a.pfb>
Output written on "/Users/benjaminperonne/Documents/Developer/Université_Developer/L2_S1/Modélisation Données & Normalisation_T/BDD_Projet-L2_S1/rapport/rapport.pdf" (3 pages, 31021 bytes).
PDF statistics:
 21 PDF objects out of 1000 (max. 8388607)
 0 named destinations out of 1000 (max. 500000)
 1 words of extra memory for PDF output out of 10000 (max. 10000000)

